<?xml version="1.0" encoding="UTF-8"?>
<!-- Generated by org.testng.reporters.JUnitReportReporter -->
<testsuite hostname="MWDH-Work2" failures="0" tests="1" name="Ass3WebElement.chromWebDriver" time="7.640" errors="0" timestamp="2022-07-24T01:40:07 AST" skipped="0">
  <testcase classname="Ass3WebElement.chromWebDriver" name="chrom" time="7.640"/>
  <system-out/>
</testsuite> <!-- Ass3WebElement.chromWebDriver -->
